Nonterminals useless in grammar

    funcion
    $@1
    parametros_funcion
    resto_parametros_funcion
    parametro_funcion
    declaraciones_funcion


Terminals unused in grammar

    TOK_LLAVEIZQUIERDA
    TOK_LLAVEDERECHA
    TOK_ERROR


Rules useless in grammar

   64 $@1: %empty

   65 funcion: TOK_FUNCTION tipo identificador TOK_PARENTESISDERECHO parametros_funcion TOK_PARENTESISDERECHO $@1

   66 parametros_funcion: parametro_funcion resto_parametros_funcion
   67                   | %empty

   68 resto_parametros_funcion: TOK_PUNTOYCOMA parametro_funcion parametros_funcion
   69                         | %empty

   70 parametro_funcion: tipo identificador

   71 declaraciones_funcion: declaraciones
   72                      | %empty


State 20 conflicts: 1 shift/reduce
State 67 conflicts: 6 shift/reduce


Grammar

    0 $accept: programa $end

    1 programa: TOK_MAIN TOK_CORCHETEIZQUIERDO declaraciones funciones sentencias TOK_CORCHETEDERECHO

    2 declaraciones: declaracion
    3              | declaracion declaraciones

    4 declaracion: clase identificadores

    5 clase: clase_escalar
    6      | clase_vector

    7 clase_escalar: tipo

    8 tipo: TOK_INT
    9     | TOK_BOOLEAN

   10 clase_vector: TOK_ARRAY tipo

   11 identificadores: identificador
   12                | identificador identificadores

   13 funciones: TOK_FUNCTION funciones
   14          | %empty

   15 sentencias: sentencia
   16           | sentencia sentencias

   17 sentencia: sentencia_simple TOK_PUNTOYCOMA
   18          | bloque

   19 sentencia_simple: asignacion
   20                 | lectura
   21                 | escritura
   22                 | retorno_funcion

   23 bloque: condicional
   24       | bucle

   25 asignacion: identificador TOK_ASIGNACION exp
   26           | elemento_vector TOK_ASIGNACION exp

   27 elemento_vector: identificador TOK_CORCHETEIZQUIERDO exp TOK_CORCHETEDERECHO

   28 condicional: TOK_IF TOK_PARENTESISIZQUIERDO exp TOK_PARENTESISDERECHO TOK_CORCHETEIZQUIERDO sentencias TOK_CORCHETEDERECHO
   29            | TOK_IF TOK_PARENTESISIZQUIERDO exp TOK_PARENTESISDERECHO TOK_CORCHETEIZQUIERDO sentencias TOK_CORCHETEDERECHO TOK_ELSE TOK_CORCHETEIZQUIERDO sentencias TOK_CORCHETEDERECHO

   30 bucle: TOK_WHILE TOK_PARENTESISIZQUIERDO exp TOK_PARENTESISDERECHO TOK_CORCHETEIZQUIERDO sentencias TOK_CORCHETEDERECHO

   31 lectura: TOK_SCANF identificador

   32 escritura: TOK_PRINTF exp

   33 retorno_funcion: TOK_RETURN exp

   34 exp: exp TOK_MAS exp
   35    | exp TOK_MENOS exp
   36    | exp TOK_DIVISION exp
   37    | exp TOK_ASTERISCO exp
   38    | TOK_MENOS exp
   39    | exp TOK_AND
   40    | exp TOK_OR exp
   41    | TOK_NOT exp
   42    | identificador
   43    | constante
   44    | TOK_PARENTESISIZQUIERDO exp TOK_PARENTESISDERECHO
   45    | TOK_PARENTESISIZQUIERDO comparacion TOK_PARENTESISDERECHO
   46    | elemento_vector
   47    | identificador TOK_PARENTESISIZQUIERDO lista_expresiones TOK_PARENTESISDERECHO

   48 lista_expresiones: exp resto_lista_expresiones
   49                  | %empty

   50 resto_lista_expresiones: TOK_COMA exp resto_lista_expresiones
   51                        | %empty

   52 comparacion: exp TOK_IGUAL exp
   53            | exp TOK_DISTINTO exp
   54            | exp TOK_MENORIGUAL exp
   55            | exp TOK_MAYORIGUAL exp
   56            | exp TOK_MENOR exp
   57            | exp TOK_MAYOR exp

   58 constante: constante_logica
   59          | constante_entera

   60 constante_logica: TOK_TRUE
   61                 | TOK_FALSE

   62 constante_entera: TOK_CONSTANTE_ENTERA

   63 identificador: TOK_IDENTIFICADOR


Terminals, with rules where they appear

    $end (0) 0
    error (256)
    TOK_MAIN (258) 1
    TOK_INT (259) 8
    TOK_BOOLEAN (260) 9
    TOK_ARRAY (261) 10
    TOK_FUNCTION (262) 13
    TOK_IF (263) 28 29
    TOK_ELSE (264) 29
    TOK_WHILE (265) 30
    TOK_SCANF (266) 31
    TOK_PRINTF (267) 32
    TOK_RETURN (268) 33
    TOK_PUNTOYCOMA (269) 17
    TOK_COMA (270) 50
    TOK_PARENTESISIZQUIERDO (271) 28 29 30 44 45 47
    TOK_PARENTESISDERECHO (272) 28 29 30 44 45 47
    TOK_CORCHETEIZQUIERDO (273) 1 27 28 29 30
    TOK_CORCHETEDERECHO (274) 1 27 28 29 30
    TOK_LLAVEIZQUIERDA (275)
    TOK_LLAVEDERECHA (276)
    TOK_ASIGNACION (277) 25 26
    TOK_MAS (278) 34
    TOK_MENOS (279) 35 38
    TOK_DIVISION (280) 36
    TOK_ASTERISCO (281) 37
    TOK_AND (282) 39
    TOK_OR (283) 40
    TOK_NOT (284) 41
    TOK_IGUAL (285) 52
    TOK_DISTINTO (286) 53
    TOK_MENORIGUAL (287) 54
    TOK_MAYORIGUAL (288) 55
    TOK_MENOR (289) 56
    TOK_MAYOR (290) 57
    TOK_IDENTIFICADOR (291) 63
    TOK_CONSTANTE_ENTERA (292) 62
    TOK_TRUE (293) 60
    TOK_FALSE (294) 61
    TOK_ERROR (295)


Nonterminals, with rules where they appear

    $accept (41)
        on left: 0
    programa (42)
        on left: 1
        on right: 0
    declaraciones (43)
        on left: 2 3
        on right: 1 3
    declaracion (44)
        on left: 4
        on right: 2 3
    clase (45)
        on left: 5 6
        on right: 4
    clase_escalar (46)
        on left: 7
        on right: 5
    tipo (47)
        on left: 8 9
        on right: 7 10
    clase_vector (48)
        on left: 10
        on right: 6
    identificadores (49)
        on left: 11 12
        on right: 4 12
    funciones (50)
        on left: 13 14
        on right: 1 13
    sentencias (51)
        on left: 15 16
        on right: 1 16 28 29 30
    sentencia (52)
        on left: 17 18
        on right: 15 16
    sentencia_simple (53)
        on left: 19 20 21 22
        on right: 17
    bloque (54)
        on left: 23 24
        on right: 18
    asignacion (55)
        on left: 25 26
        on right: 19
    elemento_vector (56)
        on left: 27
        on right: 26 46
    condicional (57)
        on left: 28 29
        on right: 23
    bucle (58)
        on left: 30
        on right: 24
    lectura (59)
        on left: 31
        on right: 20
    escritura (60)
        on left: 32
        on right: 21
    retorno_funcion (61)
        on left: 33
        on right: 22
    exp (62)
        on left: 34 35 36 37 38 39 40 41 42 43 44 45 46 47
        on right: 25 26 27 28 29 30 32 33 34 35 36 37 38 39 40 41 44 48 50 52 53 54 55 56 57
    lista_expresiones (63)
        on left: 48 49
        on right: 47
    resto_lista_expresiones (64)
        on left: 50 51
        on right: 48 50
    comparacion (65)
        on left: 52 53 54 55 56 57
        on right: 45
    constante (66)
        on left: 58 59
        on right: 43
    constante_logica (67)
        on left: 60 61
        on right: 58
    constante_entera (68)
        on left: 62
        on right: 59
    identificador (69)
        on left: 63
        on right: 11 12 25 27 31 42 47


State 0

    0 $accept: . programa $end

    TOK_MAIN  shift, and go to state 1

    programa  go to state 2


State 1

    1 programa: TOK_MAIN . TOK_CORCHETEIZQUIERDO declaraciones funciones sentencias TOK_CORCHETEDERECHO

    TOK_CORCHETEIZQUIERDO  shift, and go to state 3


State 2

    0 $accept: programa . $end

    $end  shift, and go to state 4


State 3

    1 programa: TOK_MAIN TOK_CORCHETEIZQUIERDO . declaraciones funciones sentencias TOK_CORCHETEDERECHO

    TOK_INT      shift, and go to state 5
    TOK_BOOLEAN  shift, and go to state 6
    TOK_ARRAY    shift, and go to state 7

    declaraciones  go to state 8
    declaracion    go to state 9
    clase          go to state 10
    clase_escalar  go to state 11
    tipo           go to state 12
    clase_vector   go to state 13


State 4

    0 $accept: programa $end .

    $default  accept


State 5

    8 tipo: TOK_INT .

    $default  reduce using rule 8 (tipo)


State 6

    9 tipo: TOK_BOOLEAN .

    $default  reduce using rule 9 (tipo)


State 7

   10 clase_vector: TOK_ARRAY . tipo

    TOK_INT      shift, and go to state 5
    TOK_BOOLEAN  shift, and go to state 6

    tipo  go to state 14


State 8

    1 programa: TOK_MAIN TOK_CORCHETEIZQUIERDO declaraciones . funciones sentencias TOK_CORCHETEDERECHO

    TOK_FUNCTION  shift, and go to state 15

    $default  reduce using rule 14 (funciones)

    funciones  go to state 16


State 9

    2 declaraciones: declaracion .
    3              | declaracion . declaraciones

    TOK_INT      shift, and go to state 5
    TOK_BOOLEAN  shift, and go to state 6
    TOK_ARRAY    shift, and go to state 7

    $default  reduce using rule 2 (declaraciones)

    declaraciones  go to state 17
    declaracion    go to state 9
    clase          go to state 10
    clase_escalar  go to state 11
    tipo           go to state 12
    clase_vector   go to state 13


State 10

    4 declaracion: clase . identificadores

    TOK_IDENTIFICADOR  shift, and go to state 18

    identificadores  go to state 19
    identificador    go to state 20


State 11

    5 clase: clase_escalar .

    $default  reduce using rule 5 (clase)


State 12

    7 clase_escalar: tipo .

    $default  reduce using rule 7 (clase_escalar)


State 13

    6 clase: clase_vector .

    $default  reduce using rule 6 (clase)


State 14

   10 clase_vector: TOK_ARRAY tipo .

    $default  reduce using rule 10 (clase_vector)


State 15

   13 funciones: TOK_FUNCTION . funciones

    TOK_FUNCTION  shift, and go to state 15

    $default  reduce using rule 14 (funciones)

    funciones  go to state 21


State 16

    1 programa: TOK_MAIN TOK_CORCHETEIZQUIERDO declaraciones funciones . sentencias TOK_CORCHETEDERECHO

    TOK_IF             shift, and go to state 22
    TOK_WHILE          shift, and go to state 23
    TOK_SCANF          shift, and go to state 24
    TOK_PRINTF         shift, and go to state 25
    TOK_RETURN         shift, and go to state 26
    TOK_IDENTIFICADOR  shift, and go to state 18

    sentencias        go to state 27
    sentencia         go to state 28
    sentencia_simple  go to state 29
    bloque            go to state 30
    asignacion        go to state 31
    elemento_vector   go to state 32
    condicional       go to state 33
    bucle             go to state 34
    lectura           go to state 35
    escritura         go to state 36
    retorno_funcion   go to state 37
    identificador     go to state 38


State 17

    3 declaraciones: declaracion declaraciones .

    $default  reduce using rule 3 (declaraciones)


State 18

   63 identificador: TOK_IDENTIFICADOR .

    $default  reduce using rule 63 (identificador)


State 19

    4 declaracion: clase identificadores .

    $default  reduce using rule 4 (declaracion)


State 20

   11 identificadores: identificador .
   12                | identificador . identificadores

    TOK_IDENTIFICADOR  shift, and go to state 18

    TOK_IDENTIFICADOR  [reduce using rule 11 (identificadores)]
    $default           reduce using rule 11 (identificadores)

    identificadores  go to state 39
    identificador    go to state 20


State 21

   13 funciones: TOK_FUNCTION funciones .

    $default  reduce using rule 13 (funciones)


State 22

   28 condicional: TOK_IF . TOK_PARENTESISIZQUIERDO exp TOK_PARENTESISDERECHO TOK_CORCHETEIZQUIERDO sentencias TOK_CORCHETEDERECHO
   29            | TOK_IF . TOK_PARENTESISIZQUIERDO exp TOK_PARENTESISDERECHO TOK_CORCHETEIZQUIERDO sentencias TOK_CORCHETEDERECHO TOK_ELSE TOK_CORCHETEIZQUIERDO sentencias TOK_CORCHETEDERECHO

    TOK_PARENTESISIZQUIERDO  shift, and go to state 40


State 23

   30 bucle: TOK_WHILE . TOK_PARENTESISIZQUIERDO exp TOK_PARENTESISDERECHO TOK_CORCHETEIZQUIERDO sentencias TOK_CORCHETEDERECHO

    TOK_PARENTESISIZQUIERDO  shift, and go to state 41


State 24

   31 lectura: TOK_SCANF . identificador

    TOK_IDENTIFICADOR  shift, and go to state 18

    identificador  go to state 42


State 25

   32 escritura: TOK_PRINTF . exp

    TOK_PARENTESISIZQUIERDO  shift, and go to state 43
    TOK_MENOS                shift, and go to state 44
    TOK_NOT                  shift, and go to state 45
    TOK_IDENTIFICADOR        shift, and go to state 18
    TOK_CONSTANTE_ENTERA     shift, and go to state 46
    TOK_TRUE                 shift, and go to state 47
    TOK_FALSE                shift, and go to state 48

    elemento_vector   go to state 49
    exp               go to state 50
    constante         go to state 51
    constante_logica  go to state 52
    constante_entera  go to state 53
    identificador     go to state 54


State 26

   33 retorno_funcion: TOK_RETURN . exp

    TOK_PARENTESISIZQUIERDO  shift, and go to state 43
    TOK_MENOS                shift, and go to state 44
    TOK_NOT                  shift, and go to state 45
    TOK_IDENTIFICADOR        shift, and go to state 18
    TOK_CONSTANTE_ENTERA     shift, and go to state 46
    TOK_TRUE                 shift, and go to state 47
    TOK_FALSE                shift, and go to state 48

    elemento_vector   go to state 49
    exp               go to state 55
    constante         go to state 51
    constante_logica  go to state 52
    constante_entera  go to state 53
    identificador     go to state 54


State 27

    1 programa: TOK_MAIN TOK_CORCHETEIZQUIERDO declaraciones funciones sentencias . TOK_CORCHETEDERECHO

    TOK_CORCHETEDERECHO  shift, and go to state 56


State 28

   15 sentencias: sentencia .
   16           | sentencia . sentencias

    TOK_IF             shift, and go to state 22
    TOK_WHILE          shift, and go to state 23
    TOK_SCANF          shift, and go to state 24
    TOK_PRINTF         shift, and go to state 25
    TOK_RETURN         shift, and go to state 26
    TOK_IDENTIFICADOR  shift, and go to state 18

    $default  reduce using rule 15 (sentencias)

    sentencias        go to state 57
    sentencia         go to state 28
    sentencia_simple  go to state 29
    bloque            go to state 30
    asignacion        go to state 31
    elemento_vector   go to state 32
    condicional       go to state 33
    bucle             go to state 34
    lectura           go to state 35
    escritura         go to state 36
    retorno_funcion   go to state 37
    identificador     go to state 38


State 29

   17 sentencia: sentencia_simple . TOK_PUNTOYCOMA

    TOK_PUNTOYCOMA  shift, and go to state 58


State 30

   18 sentencia: bloque .

    $default  reduce using rule 18 (sentencia)


State 31

   19 sentencia_simple: asignacion .

    $default  reduce using rule 19 (sentencia_simple)


State 32

   26 asignacion: elemento_vector . TOK_ASIGNACION exp

    TOK_ASIGNACION  shift, and go to state 59


State 33

   23 bloque: condicional .

    $default  reduce using rule 23 (bloque)


State 34

   24 bloque: bucle .

    $default  reduce using rule 24 (bloque)


State 35

   20 sentencia_simple: lectura .

    $default  reduce using rule 20 (sentencia_simple)


State 36

   21 sentencia_simple: escritura .

    $default  reduce using rule 21 (sentencia_simple)


State 37

   22 sentencia_simple: retorno_funcion .

    $default  reduce using rule 22 (sentencia_simple)


State 38

   25 asignacion: identificador . TOK_ASIGNACION exp
   27 elemento_vector: identificador . TOK_CORCHETEIZQUIERDO exp TOK_CORCHETEDERECHO

    TOK_CORCHETEIZQUIERDO  shift, and go to state 60
    TOK_ASIGNACION         shift, and go to state 61


State 39

   12 identificadores: identificador identificadores .

    $default  reduce using rule 12 (identificadores)


State 40

   28 condicional: TOK_IF TOK_PARENTESISIZQUIERDO . exp TOK_PARENTESISDERECHO TOK_CORCHETEIZQUIERDO sentencias TOK_CORCHETEDERECHO
   29            | TOK_IF TOK_PARENTESISIZQUIERDO . exp TOK_PARENTESISDERECHO TOK_CORCHETEIZQUIERDO sentencias TOK_CORCHETEDERECHO TOK_ELSE TOK_CORCHETEIZQUIERDO sentencias TOK_CORCHETEDERECHO

    TOK_PARENTESISIZQUIERDO  shift, and go to state 43
    TOK_MENOS                shift, and go to state 44
    TOK_NOT                  shift, and go to state 45
    TOK_IDENTIFICADOR        shift, and go to state 18
    TOK_CONSTANTE_ENTERA     shift, and go to state 46
    TOK_TRUE                 shift, and go to state 47
    TOK_FALSE                shift, and go to state 48

    elemento_vector   go to state 49
    exp               go to state 62
    constante         go to state 51
    constante_logica  go to state 52
    constante_entera  go to state 53
    identificador     go to state 54


State 41

   30 bucle: TOK_WHILE TOK_PARENTESISIZQUIERDO . exp TOK_PARENTESISDERECHO TOK_CORCHETEIZQUIERDO sentencias TOK_CORCHETEDERECHO

    TOK_PARENTESISIZQUIERDO  shift, and go to state 43
    TOK_MENOS                shift, and go to state 44
    TOK_NOT                  shift, and go to state 45
    TOK_IDENTIFICADOR        shift, and go to state 18
    TOK_CONSTANTE_ENTERA     shift, and go to state 46
    TOK_TRUE                 shift, and go to state 47
    TOK_FALSE                shift, and go to state 48

    elemento_vector   go to state 49
    exp               go to state 63
    constante         go to state 51
    constante_logica  go to state 52
    constante_entera  go to state 53
    identificador     go to state 54


State 42

   31 lectura: TOK_SCANF identificador .

    $default  reduce using rule 31 (lectura)


State 43

   44 exp: TOK_PARENTESISIZQUIERDO . exp TOK_PARENTESISDERECHO
   45    | TOK_PARENTESISIZQUIERDO . comparacion TOK_PARENTESISDERECHO

    TOK_PARENTESISIZQUIERDO  shift, and go to state 43
    TOK_MENOS                shift, and go to state 44
    TOK_NOT                  shift, and go to state 45
    TOK_IDENTIFICADOR        shift, and go to state 18
    TOK_CONSTANTE_ENTERA     shift, and go to state 46
    TOK_TRUE                 shift, and go to state 47
    TOK_FALSE                shift, and go to state 48

    elemento_vector   go to state 49
    exp               go to state 64
    comparacion       go to state 65
    constante         go to state 51
    constante_logica  go to state 52
    constante_entera  go to state 53
    identificador     go to state 54


State 44

   38 exp: TOK_MENOS . exp

    TOK_PARENTESISIZQUIERDO  shift, and go to state 43
    TOK_MENOS                shift, and go to state 44
    TOK_NOT                  shift, and go to state 45
    TOK_IDENTIFICADOR        shift, and go to state 18
    TOK_CONSTANTE_ENTERA     shift, and go to state 46
    TOK_TRUE                 shift, and go to state 47
    TOK_FALSE                shift, and go to state 48

    elemento_vector   go to state 49
    exp               go to state 66
    constante         go to state 51
    constante_logica  go to state 52
    constante_entera  go to state 53
    identificador     go to state 54


State 45

   41 exp: TOK_NOT . exp

    TOK_PARENTESISIZQUIERDO  shift, and go to state 43
    TOK_MENOS                shift, and go to state 44
    TOK_NOT                  shift, and go to state 45
    TOK_IDENTIFICADOR        shift, and go to state 18
    TOK_CONSTANTE_ENTERA     shift, and go to state 46
    TOK_TRUE                 shift, and go to state 47
    TOK_FALSE                shift, and go to state 48

    elemento_vector   go to state 49
    exp               go to state 67
    constante         go to state 51
    constante_logica  go to state 52
    constante_entera  go to state 53
    identificador     go to state 54


State 46

   62 constante_entera: TOK_CONSTANTE_ENTERA .

    $default  reduce using rule 62 (constante_entera)


State 47

   60 constante_logica: TOK_TRUE .

    $default  reduce using rule 60 (constante_logica)


State 48

   61 constante_logica: TOK_FALSE .

    $default  reduce using rule 61 (constante_logica)


State 49

   46 exp: elemento_vector .

    $default  reduce using rule 46 (exp)


State 50

   32 escritura: TOK_PRINTF exp .
   34 exp: exp . TOK_MAS exp
   35    | exp . TOK_MENOS exp
   36    | exp . TOK_DIVISION exp
   37    | exp . TOK_ASTERISCO exp
   39    | exp . TOK_AND
   40    | exp . TOK_OR exp

    TOK_MAS        shift, and go to state 68
    TOK_MENOS      shift, and go to state 69
    TOK_DIVISION   shift, and go to state 70
    TOK_ASTERISCO  shift, and go to state 71
    TOK_AND        shift, and go to state 72
    TOK_OR         shift, and go to state 73

    $default  reduce using rule 32 (escritura)


State 51

   43 exp: constante .

    $default  reduce using rule 43 (exp)


State 52

   58 constante: constante_logica .

    $default  reduce using rule 58 (constante)


State 53

   59 constante: constante_entera .

    $default  reduce using rule 59 (constante)


State 54

   27 elemento_vector: identificador . TOK_CORCHETEIZQUIERDO exp TOK_CORCHETEDERECHO
   42 exp: identificador .
   47    | identificador . TOK_PARENTESISIZQUIERDO lista_expresiones TOK_PARENTESISDERECHO

    TOK_PARENTESISIZQUIERDO  shift, and go to state 74
    TOK_CORCHETEIZQUIERDO    shift, and go to state 60

    $default  reduce using rule 42 (exp)


State 55

   33 retorno_funcion: TOK_RETURN exp .
   34 exp: exp . TOK_MAS exp
   35    | exp . TOK_MENOS exp
   36    | exp . TOK_DIVISION exp
   37    | exp . TOK_ASTERISCO exp
   39    | exp . TOK_AND
   40    | exp . TOK_OR exp

    TOK_MAS        shift, and go to state 68
    TOK_MENOS      shift, and go to state 69
    TOK_DIVISION   shift, and go to state 70
    TOK_ASTERISCO  shift, and go to state 71
    TOK_AND        shift, and go to state 72
    TOK_OR         shift, and go to state 73

    $default  reduce using rule 33 (retorno_funcion)


State 56

    1 programa: TOK_MAIN TOK_CORCHETEIZQUIERDO declaraciones funciones sentencias TOK_CORCHETEDERECHO .

    $default  reduce using rule 1 (programa)


State 57

   16 sentencias: sentencia sentencias .

    $default  reduce using rule 16 (sentencias)


State 58

   17 sentencia: sentencia_simple TOK_PUNTOYCOMA .

    $default  reduce using rule 17 (sentencia)


State 59

   26 asignacion: elemento_vector TOK_ASIGNACION . exp

    TOK_PARENTESISIZQUIERDO  shift, and go to state 43
    TOK_MENOS                shift, and go to state 44
    TOK_NOT                  shift, and go to state 45
    TOK_IDENTIFICADOR        shift, and go to state 18
    TOK_CONSTANTE_ENTERA     shift, and go to state 46
    TOK_TRUE                 shift, and go to state 47
    TOK_FALSE                shift, and go to state 48

    elemento_vector   go to state 49
    exp               go to state 75
    constante         go to state 51
    constante_logica  go to state 52
    constante_entera  go to state 53
    identificador     go to state 54


State 60

   27 elemento_vector: identificador TOK_CORCHETEIZQUIERDO . exp TOK_CORCHETEDERECHO

    TOK_PARENTESISIZQUIERDO  shift, and go to state 43
    TOK_MENOS                shift, and go to state 44
    TOK_NOT                  shift, and go to state 45
    TOK_IDENTIFICADOR        shift, and go to state 18
    TOK_CONSTANTE_ENTERA     shift, and go to state 46
    TOK_TRUE                 shift, and go to state 47
    TOK_FALSE                shift, and go to state 48

    elemento_vector   go to state 49
    exp               go to state 76
    constante         go to state 51
    constante_logica  go to state 52
    constante_entera  go to state 53
    identificador     go to state 54


State 61

   25 asignacion: identificador TOK_ASIGNACION . exp

    TOK_PARENTESISIZQUIERDO  shift, and go to state 43
    TOK_MENOS                shift, and go to state 44
    TOK_NOT                  shift, and go to state 45
    TOK_IDENTIFICADOR        shift, and go to state 18
    TOK_CONSTANTE_ENTERA     shift, and go to state 46
    TOK_TRUE                 shift, and go to state 47
    TOK_FALSE                shift, and go to state 48

    elemento_vector   go to state 49
    exp               go to state 77
    constante         go to state 51
    constante_logica  go to state 52
    constante_entera  go to state 53
    identificador     go to state 54


State 62

   28 condicional: TOK_IF TOK_PARENTESISIZQUIERDO exp . TOK_PARENTESISDERECHO TOK_CORCHETEIZQUIERDO sentencias TOK_CORCHETEDERECHO
   29            | TOK_IF TOK_PARENTESISIZQUIERDO exp . TOK_PARENTESISDERECHO TOK_CORCHETEIZQUIERDO sentencias TOK_CORCHETEDERECHO TOK_ELSE TOK_CORCHETEIZQUIERDO sentencias TOK_CORCHETEDERECHO
   34 exp: exp . TOK_MAS exp
   35    | exp . TOK_MENOS exp
   36    | exp . TOK_DIVISION exp
   37    | exp . TOK_ASTERISCO exp
   39    | exp . TOK_AND
   40    | exp . TOK_OR exp

    TOK_PARENTESISDERECHO  shift, and go to state 78
    TOK_MAS                shift, and go to state 68
    TOK_MENOS              shift, and go to state 69
    TOK_DIVISION           shift, and go to state 70
    TOK_ASTERISCO          shift, and go to state 71
    TOK_AND                shift, and go to state 72
    TOK_OR                 shift, and go to state 73


State 63

   30 bucle: TOK_WHILE TOK_PARENTESISIZQUIERDO exp . TOK_PARENTESISDERECHO TOK_CORCHETEIZQUIERDO sentencias TOK_CORCHETEDERECHO
   34 exp: exp . TOK_MAS exp
   35    | exp . TOK_MENOS exp
   36    | exp . TOK_DIVISION exp
   37    | exp . TOK_ASTERISCO exp
   39    | exp . TOK_AND
   40    | exp . TOK_OR exp

    TOK_PARENTESISDERECHO  shift, and go to state 79
    TOK_MAS                shift, and go to state 68
    TOK_MENOS              shift, and go to state 69
    TOK_DIVISION           shift, and go to state 70
    TOK_ASTERISCO          shift, and go to state 71
    TOK_AND                shift, and go to state 72
    TOK_OR                 shift, and go to state 73


State 64

   34 exp: exp . TOK_MAS exp
   35    | exp . TOK_MENOS exp
   36    | exp . TOK_DIVISION exp
   37    | exp . TOK_ASTERISCO exp
   39    | exp . TOK_AND
   40    | exp . TOK_OR exp
   44    | TOK_PARENTESISIZQUIERDO exp . TOK_PARENTESISDERECHO
   52 comparacion: exp . TOK_IGUAL exp
   53            | exp . TOK_DISTINTO exp
   54            | exp . TOK_MENORIGUAL exp
   55            | exp . TOK_MAYORIGUAL exp
   56            | exp . TOK_MENOR exp
   57            | exp . TOK_MAYOR exp

    TOK_PARENTESISDERECHO  shift, and go to state 80
    TOK_MAS                shift, and go to state 68
    TOK_MENOS              shift, and go to state 69
    TOK_DIVISION           shift, and go to state 70
    TOK_ASTERISCO          shift, and go to state 71
    TOK_AND                shift, and go to state 72
    TOK_OR                 shift, and go to state 73
    TOK_IGUAL              shift, and go to state 81
    TOK_DISTINTO           shift, and go to state 82
    TOK_MENORIGUAL         shift, and go to state 83
    TOK_MAYORIGUAL         shift, and go to state 84
    TOK_MENOR              shift, and go to state 85
    TOK_MAYOR              shift, and go to state 86


State 65

   45 exp: TOK_PARENTESISIZQUIERDO comparacion . TOK_PARENTESISDERECHO

    TOK_PARENTESISDERECHO  shift, and go to state 87


State 66

   34 exp: exp . TOK_MAS exp
   35    | exp . TOK_MENOS exp
   36    | exp . TOK_DIVISION exp
   37    | exp . TOK_ASTERISCO exp
   38    | TOK_MENOS exp .
   39    | exp . TOK_AND
   40    | exp . TOK_OR exp

    TOK_DIVISION   shift, and go to state 70
    TOK_ASTERISCO  shift, and go to state 71
    TOK_AND        shift, and go to state 72
    TOK_OR         shift, and go to state 73

    $default  reduce using rule 38 (exp)


State 67

   34 exp: exp . TOK_MAS exp
   35    | exp . TOK_MENOS exp
   36    | exp . TOK_DIVISION exp
   37    | exp . TOK_ASTERISCO exp
   39    | exp . TOK_AND
   40    | exp . TOK_OR exp
   41    | TOK_NOT exp .

    TOK_MAS        shift, and go to state 68
    TOK_MENOS      shift, and go to state 69
    TOK_DIVISION   shift, and go to state 70
    TOK_ASTERISCO  shift, and go to state 71
    TOK_AND        shift, and go to state 72
    TOK_OR         shift, and go to state 73

    TOK_MAS        [reduce using rule 41 (exp)]
    TOK_MENOS      [reduce using rule 41 (exp)]
    TOK_DIVISION   [reduce using rule 41 (exp)]
    TOK_ASTERISCO  [reduce using rule 41 (exp)]
    TOK_AND        [reduce using rule 41 (exp)]
    TOK_OR         [reduce using rule 41 (exp)]
    $default       reduce using rule 41 (exp)


State 68

   34 exp: exp TOK_MAS . exp

    TOK_PARENTESISIZQUIERDO  shift, and go to state 43
    TOK_MENOS                shift, and go to state 44
    TOK_NOT                  shift, and go to state 45
    TOK_IDENTIFICADOR        shift, and go to state 18
    TOK_CONSTANTE_ENTERA     shift, and go to state 46
    TOK_TRUE                 shift, and go to state 47
    TOK_FALSE                shift, and go to state 48

    elemento_vector   go to state 49
    exp               go to state 88
    constante         go to state 51
    constante_logica  go to state 52
    constante_entera  go to state 53
    identificador     go to state 54


State 69

   35 exp: exp TOK_MENOS . exp

    TOK_PARENTESISIZQUIERDO  shift, and go to state 43
    TOK_MENOS                shift, and go to state 44
    TOK_NOT                  shift, and go to state 45
    TOK_IDENTIFICADOR        shift, and go to state 18
    TOK_CONSTANTE_ENTERA     shift, and go to state 46
    TOK_TRUE                 shift, and go to state 47
    TOK_FALSE                shift, and go to state 48

    elemento_vector   go to state 49
    exp               go to state 89
    constante         go to state 51
    constante_logica  go to state 52
    constante_entera  go to state 53
    identificador     go to state 54


State 70

   36 exp: exp TOK_DIVISION . exp

    TOK_PARENTESISIZQUIERDO  shift, and go to state 43
    TOK_MENOS                shift, and go to state 44
    TOK_NOT                  shift, and go to state 45
    TOK_IDENTIFICADOR        shift, and go to state 18
    TOK_CONSTANTE_ENTERA     shift, and go to state 46
    TOK_TRUE                 shift, and go to state 47
    TOK_FALSE                shift, and go to state 48

    elemento_vector   go to state 49
    exp               go to state 90
    constante         go to state 51
    constante_logica  go to state 52
    constante_entera  go to state 53
    identificador     go to state 54


State 71

   37 exp: exp TOK_ASTERISCO . exp

    TOK_PARENTESISIZQUIERDO  shift, and go to state 43
    TOK_MENOS                shift, and go to state 44
    TOK_NOT                  shift, and go to state 45
    TOK_IDENTIFICADOR        shift, and go to state 18
    TOK_CONSTANTE_ENTERA     shift, and go to state 46
    TOK_TRUE                 shift, and go to state 47
    TOK_FALSE                shift, and go to state 48

    elemento_vector   go to state 49
    exp               go to state 91
    constante         go to state 51
    constante_logica  go to state 52
    constante_entera  go to state 53
    identificador     go to state 54


State 72

   39 exp: exp TOK_AND .

    $default  reduce using rule 39 (exp)


State 73

   40 exp: exp TOK_OR . exp

    TOK_PARENTESISIZQUIERDO  shift, and go to state 43
    TOK_MENOS                shift, and go to state 44
    TOK_NOT                  shift, and go to state 45
    TOK_IDENTIFICADOR        shift, and go to state 18
    TOK_CONSTANTE_ENTERA     shift, and go to state 46
    TOK_TRUE                 shift, and go to state 47
    TOK_FALSE                shift, and go to state 48

    elemento_vector   go to state 49
    exp               go to state 92
    constante         go to state 51
    constante_logica  go to state 52
    constante_entera  go to state 53
    identificador     go to state 54


State 74

   47 exp: identificador TOK_PARENTESISIZQUIERDO . lista_expresiones TOK_PARENTESISDERECHO

    TOK_PARENTESISIZQUIERDO  shift, and go to state 43
    TOK_MENOS                shift, and go to state 44
    TOK_NOT                  shift, and go to state 45
    TOK_IDENTIFICADOR        shift, and go to state 18
    TOK_CONSTANTE_ENTERA     shift, and go to state 46
    TOK_TRUE                 shift, and go to state 47
    TOK_FALSE                shift, and go to state 48

    $default  reduce using rule 49 (lista_expresiones)

    elemento_vector    go to state 49
    exp                go to state 93
    lista_expresiones  go to state 94
    constante          go to state 51
    constante_logica   go to state 52
    constante_entera   go to state 53
    identificador      go to state 54


State 75

   26 asignacion: elemento_vector TOK_ASIGNACION exp .
   34 exp: exp . TOK_MAS exp
   35    | exp . TOK_MENOS exp
   36    | exp . TOK_DIVISION exp
   37    | exp . TOK_ASTERISCO exp
   39    | exp . TOK_AND
   40    | exp . TOK_OR exp

    TOK_MAS        shift, and go to state 68
    TOK_MENOS      shift, and go to state 69
    TOK_DIVISION   shift, and go to state 70
    TOK_ASTERISCO  shift, and go to state 71
    TOK_AND        shift, and go to state 72
    TOK_OR         shift, and go to state 73

    $default  reduce using rule 26 (asignacion)


State 76

   27 elemento_vector: identificador TOK_CORCHETEIZQUIERDO exp . TOK_CORCHETEDERECHO
   34 exp: exp . TOK_MAS exp
   35    | exp . TOK_MENOS exp
   36    | exp . TOK_DIVISION exp
   37    | exp . TOK_ASTERISCO exp
   39    | exp . TOK_AND
   40    | exp . TOK_OR exp

    TOK_CORCHETEDERECHO  shift, and go to state 95
    TOK_MAS              shift, and go to state 68
    TOK_MENOS            shift, and go to state 69
    TOK_DIVISION         shift, and go to state 70
    TOK_ASTERISCO        shift, and go to state 71
    TOK_AND              shift, and go to state 72
    TOK_OR               shift, and go to state 73


State 77

   25 asignacion: identificador TOK_ASIGNACION exp .
   34 exp: exp . TOK_MAS exp
   35    | exp . TOK_MENOS exp
   36    | exp . TOK_DIVISION exp
   37    | exp . TOK_ASTERISCO exp
   39    | exp . TOK_AND
   40    | exp . TOK_OR exp

    TOK_MAS        shift, and go to state 68
    TOK_MENOS      shift, and go to state 69
    TOK_DIVISION   shift, and go to state 70
    TOK_ASTERISCO  shift, and go to state 71
    TOK_AND        shift, and go to state 72
    TOK_OR         shift, and go to state 73

    $default  reduce using rule 25 (asignacion)


State 78

   28 condicional: TOK_IF TOK_PARENTESISIZQUIERDO exp TOK_PARENTESISDERECHO . TOK_CORCHETEIZQUIERDO sentencias TOK_CORCHETEDERECHO
   29            | TOK_IF TOK_PARENTESISIZQUIERDO exp TOK_PARENTESISDERECHO . TOK_CORCHETEIZQUIERDO sentencias TOK_CORCHETEDERECHO TOK_ELSE TOK_CORCHETEIZQUIERDO sentencias TOK_CORCHETEDERECHO

    TOK_CORCHETEIZQUIERDO  shift, and go to state 96


State 79

   30 bucle: TOK_WHILE TOK_PARENTESISIZQUIERDO exp TOK_PARENTESISDERECHO . TOK_CORCHETEIZQUIERDO sentencias TOK_CORCHETEDERECHO

    TOK_CORCHETEIZQUIERDO  shift, and go to state 97


State 80

   44 exp: TOK_PARENTESISIZQUIERDO exp TOK_PARENTESISDERECHO .

    $default  reduce using rule 44 (exp)


State 81

   52 comparacion: exp TOK_IGUAL . exp

    TOK_PARENTESISIZQUIERDO  shift, and go to state 43
    TOK_MENOS                shift, and go to state 44
    TOK_NOT                  shift, and go to state 45
    TOK_IDENTIFICADOR        shift, and go to state 18
    TOK_CONSTANTE_ENTERA     shift, and go to state 46
    TOK_TRUE                 shift, and go to state 47
    TOK_FALSE                shift, and go to state 48

    elemento_vector   go to state 49
    exp               go to state 98
    constante         go to state 51
    constante_logica  go to state 52
    constante_entera  go to state 53
    identificador     go to state 54


State 82

   53 comparacion: exp TOK_DISTINTO . exp

    TOK_PARENTESISIZQUIERDO  shift, and go to state 43
    TOK_MENOS                shift, and go to state 44
    TOK_NOT                  shift, and go to state 45
    TOK_IDENTIFICADOR        shift, and go to state 18
    TOK_CONSTANTE_ENTERA     shift, and go to state 46
    TOK_TRUE                 shift, and go to state 47
    TOK_FALSE                shift, and go to state 48

    elemento_vector   go to state 49
    exp               go to state 99
    constante         go to state 51
    constante_logica  go to state 52
    constante_entera  go to state 53
    identificador     go to state 54


State 83

   54 comparacion: exp TOK_MENORIGUAL . exp

    TOK_PARENTESISIZQUIERDO  shift, and go to state 43
    TOK_MENOS                shift, and go to state 44
    TOK_NOT                  shift, and go to state 45
    TOK_IDENTIFICADOR        shift, and go to state 18
    TOK_CONSTANTE_ENTERA     shift, and go to state 46
    TOK_TRUE                 shift, and go to state 47
    TOK_FALSE                shift, and go to state 48

    elemento_vector   go to state 49
    exp               go to state 100
    constante         go to state 51
    constante_logica  go to state 52
    constante_entera  go to state 53
    identificador     go to state 54


State 84

   55 comparacion: exp TOK_MAYORIGUAL . exp

    TOK_PARENTESISIZQUIERDO  shift, and go to state 43
    TOK_MENOS                shift, and go to state 44
    TOK_NOT                  shift, and go to state 45
    TOK_IDENTIFICADOR        shift, and go to state 18
    TOK_CONSTANTE_ENTERA     shift, and go to state 46
    TOK_TRUE                 shift, and go to state 47
    TOK_FALSE                shift, and go to state 48

    elemento_vector   go to state 49
    exp               go to state 101
    constante         go to state 51
    constante_logica  go to state 52
    constante_entera  go to state 53
    identificador     go to state 54


State 85

   56 comparacion: exp TOK_MENOR . exp

    TOK_PARENTESISIZQUIERDO  shift, and go to state 43
    TOK_MENOS                shift, and go to state 44
    TOK_NOT                  shift, and go to state 45
    TOK_IDENTIFICADOR        shift, and go to state 18
    TOK_CONSTANTE_ENTERA     shift, and go to state 46
    TOK_TRUE                 shift, and go to state 47
    TOK_FALSE                shift, and go to state 48

    elemento_vector   go to state 49
    exp               go to state 102
    constante         go to state 51
    constante_logica  go to state 52
    constante_entera  go to state 53
    identificador     go to state 54


State 86

   57 comparacion: exp TOK_MAYOR . exp

    TOK_PARENTESISIZQUIERDO  shift, and go to state 43
    TOK_MENOS                shift, and go to state 44
    TOK_NOT                  shift, and go to state 45
    TOK_IDENTIFICADOR        shift, and go to state 18
    TOK_CONSTANTE_ENTERA     shift, and go to state 46
    TOK_TRUE                 shift, and go to state 47
    TOK_FALSE                shift, and go to state 48

    elemento_vector   go to state 49
    exp               go to state 103
    constante         go to state 51
    constante_logica  go to state 52
    constante_entera  go to state 53
    identificador     go to state 54


State 87

   45 exp: TOK_PARENTESISIZQUIERDO comparacion TOK_PARENTESISDERECHO .

    $default  reduce using rule 45 (exp)


State 88

   34 exp: exp . TOK_MAS exp
   34    | exp TOK_MAS exp .
   35    | exp . TOK_MENOS exp
   36    | exp . TOK_DIVISION exp
   37    | exp . TOK_ASTERISCO exp
   39    | exp . TOK_AND
   40    | exp . TOK_OR exp

    TOK_DIVISION   shift, and go to state 70
    TOK_ASTERISCO  shift, and go to state 71
    TOK_AND        shift, and go to state 72
    TOK_OR         shift, and go to state 73

    $default  reduce using rule 34 (exp)


State 89

   34 exp: exp . TOK_MAS exp
   35    | exp . TOK_MENOS exp
   35    | exp TOK_MENOS exp .
   36    | exp . TOK_DIVISION exp
   37    | exp . TOK_ASTERISCO exp
   39    | exp . TOK_AND
   40    | exp . TOK_OR exp

    TOK_DIVISION   shift, and go to state 70
    TOK_ASTERISCO  shift, and go to state 71
    TOK_AND        shift, and go to state 72
    TOK_OR         shift, and go to state 73

    $default  reduce using rule 35 (exp)


State 90

   34 exp: exp . TOK_MAS exp
   35    | exp . TOK_MENOS exp
   36    | exp . TOK_DIVISION exp
   36    | exp TOK_DIVISION exp .
   37    | exp . TOK_ASTERISCO exp
   39    | exp . TOK_AND
   40    | exp . TOK_OR exp

    TOK_AND  shift, and go to state 72
    TOK_OR   shift, and go to state 73

    $default  reduce using rule 36 (exp)


State 91

   34 exp: exp . TOK_MAS exp
   35    | exp . TOK_MENOS exp
   36    | exp . TOK_DIVISION exp
   37    | exp . TOK_ASTERISCO exp
   37    | exp TOK_ASTERISCO exp .
   39    | exp . TOK_AND
   40    | exp . TOK_OR exp

    TOK_AND  shift, and go to state 72
    TOK_OR   shift, and go to state 73

    $default  reduce using rule 37 (exp)


State 92

   34 exp: exp . TOK_MAS exp
   35    | exp . TOK_MENOS exp
   36    | exp . TOK_DIVISION exp
   37    | exp . TOK_ASTERISCO exp
   39    | exp . TOK_AND
   40    | exp . TOK_OR exp
   40    | exp TOK_OR exp .

    $default  reduce using rule 40 (exp)


State 93

   34 exp: exp . TOK_MAS exp
   35    | exp . TOK_MENOS exp
   36    | exp . TOK_DIVISION exp
   37    | exp . TOK_ASTERISCO exp
   39    | exp . TOK_AND
   40    | exp . TOK_OR exp
   48 lista_expresiones: exp . resto_lista_expresiones

    TOK_COMA       shift, and go to state 104
    TOK_MAS        shift, and go to state 68
    TOK_MENOS      shift, and go to state 69
    TOK_DIVISION   shift, and go to state 70
    TOK_ASTERISCO  shift, and go to state 71
    TOK_AND        shift, and go to state 72
    TOK_OR         shift, and go to state 73

    $default  reduce using rule 51 (resto_lista_expresiones)

    resto_lista_expresiones  go to state 105


State 94

   47 exp: identificador TOK_PARENTESISIZQUIERDO lista_expresiones . TOK_PARENTESISDERECHO

    TOK_PARENTESISDERECHO  shift, and go to state 106


State 95

   27 elemento_vector: identificador TOK_CORCHETEIZQUIERDO exp TOK_CORCHETEDERECHO .

    $default  reduce using rule 27 (elemento_vector)


State 96

   28 condicional: TOK_IF TOK_PARENTESISIZQUIERDO exp TOK_PARENTESISDERECHO TOK_CORCHETEIZQUIERDO . sentencias TOK_CORCHETEDERECHO
   29            | TOK_IF TOK_PARENTESISIZQUIERDO exp TOK_PARENTESISDERECHO TOK_CORCHETEIZQUIERDO . sentencias TOK_CORCHETEDERECHO TOK_ELSE TOK_CORCHETEIZQUIERDO sentencias TOK_CORCHETEDERECHO

    TOK_IF             shift, and go to state 22
    TOK_WHILE          shift, and go to state 23
    TOK_SCANF          shift, and go to state 24
    TOK_PRINTF         shift, and go to state 25
    TOK_RETURN         shift, and go to state 26
    TOK_IDENTIFICADOR  shift, and go to state 18

    sentencias        go to state 107
    sentencia         go to state 28
    sentencia_simple  go to state 29
    bloque            go to state 30
    asignacion        go to state 31
    elemento_vector   go to state 32
    condicional       go to state 33
    bucle             go to state 34
    lectura           go to state 35
    escritura         go to state 36
    retorno_funcion   go to state 37
    identificador     go to state 38


State 97

   30 bucle: TOK_WHILE TOK_PARENTESISIZQUIERDO exp TOK_PARENTESISDERECHO TOK_CORCHETEIZQUIERDO . sentencias TOK_CORCHETEDERECHO

    TOK_IF             shift, and go to state 22
    TOK_WHILE          shift, and go to state 23
    TOK_SCANF          shift, and go to state 24
    TOK_PRINTF         shift, and go to state 25
    TOK_RETURN         shift, and go to state 26
    TOK_IDENTIFICADOR  shift, and go to state 18

    sentencias        go to state 108
    sentencia         go to state 28
    sentencia_simple  go to state 29
    bloque            go to state 30
    asignacion        go to state 31
    elemento_vector   go to state 32
    condicional       go to state 33
    bucle             go to state 34
    lectura           go to state 35
    escritura         go to state 36
    retorno_funcion   go to state 37
    identificador     go to state 38


State 98

   34 exp: exp . TOK_MAS exp
   35    | exp . TOK_MENOS exp
   36    | exp . TOK_DIVISION exp
   37    | exp . TOK_ASTERISCO exp
   39    | exp . TOK_AND
   40    | exp . TOK_OR exp
   52 comparacion: exp TOK_IGUAL exp .

    TOK_MAS        shift, and go to state 68
    TOK_MENOS      shift, and go to state 69
    TOK_DIVISION   shift, and go to state 70
    TOK_ASTERISCO  shift, and go to state 71
    TOK_AND        shift, and go to state 72
    TOK_OR         shift, and go to state 73

    $default  reduce using rule 52 (comparacion)


State 99

   34 exp: exp . TOK_MAS exp
   35    | exp . TOK_MENOS exp
   36    | exp . TOK_DIVISION exp
   37    | exp . TOK_ASTERISCO exp
   39    | exp . TOK_AND
   40    | exp . TOK_OR exp
   53 comparacion: exp TOK_DISTINTO exp .

    TOK_MAS        shift, and go to state 68
    TOK_MENOS      shift, and go to state 69
    TOK_DIVISION   shift, and go to state 70
    TOK_ASTERISCO  shift, and go to state 71
    TOK_AND        shift, and go to state 72
    TOK_OR         shift, and go to state 73

    $default  reduce using rule 53 (comparacion)


State 100

   34 exp: exp . TOK_MAS exp
   35    | exp . TOK_MENOS exp
   36    | exp . TOK_DIVISION exp
   37    | exp . TOK_ASTERISCO exp
   39    | exp . TOK_AND
   40    | exp . TOK_OR exp
   54 comparacion: exp TOK_MENORIGUAL exp .

    TOK_MAS        shift, and go to state 68
    TOK_MENOS      shift, and go to state 69
    TOK_DIVISION   shift, and go to state 70
    TOK_ASTERISCO  shift, and go to state 71
    TOK_AND        shift, and go to state 72
    TOK_OR         shift, and go to state 73

    $default  reduce using rule 54 (comparacion)


State 101

   34 exp: exp . TOK_MAS exp
   35    | exp . TOK_MENOS exp
   36    | exp . TOK_DIVISION exp
   37    | exp . TOK_ASTERISCO exp
   39    | exp . TOK_AND
   40    | exp . TOK_OR exp
   55 comparacion: exp TOK_MAYORIGUAL exp .

    TOK_MAS        shift, and go to state 68
    TOK_MENOS      shift, and go to state 69
    TOK_DIVISION   shift, and go to state 70
    TOK_ASTERISCO  shift, and go to state 71
    TOK_AND        shift, and go to state 72
    TOK_OR         shift, and go to state 73

    $default  reduce using rule 55 (comparacion)


State 102

   34 exp: exp . TOK_MAS exp
   35    | exp . TOK_MENOS exp
   36    | exp . TOK_DIVISION exp
   37    | exp . TOK_ASTERISCO exp
   39    | exp . TOK_AND
   40    | exp . TOK_OR exp
   56 comparacion: exp TOK_MENOR exp .

    TOK_MAS        shift, and go to state 68
    TOK_MENOS      shift, and go to state 69
    TOK_DIVISION   shift, and go to state 70
    TOK_ASTERISCO  shift, and go to state 71
    TOK_AND        shift, and go to state 72
    TOK_OR         shift, and go to state 73

    $default  reduce using rule 56 (comparacion)


State 103

   34 exp: exp . TOK_MAS exp
   35    | exp . TOK_MENOS exp
   36    | exp . TOK_DIVISION exp
   37    | exp . TOK_ASTERISCO exp
   39    | exp . TOK_AND
   40    | exp . TOK_OR exp
   57 comparacion: exp TOK_MAYOR exp .

    TOK_MAS        shift, and go to state 68
    TOK_MENOS      shift, and go to state 69
    TOK_DIVISION   shift, and go to state 70
    TOK_ASTERISCO  shift, and go to state 71
    TOK_AND        shift, and go to state 72
    TOK_OR         shift, and go to state 73

    $default  reduce using rule 57 (comparacion)


State 104

   50 resto_lista_expresiones: TOK_COMA . exp resto_lista_expresiones

    TOK_PARENTESISIZQUIERDO  shift, and go to state 43
    TOK_MENOS                shift, and go to state 44
    TOK_NOT                  shift, and go to state 45
    TOK_IDENTIFICADOR        shift, and go to state 18
    TOK_CONSTANTE_ENTERA     shift, and go to state 46
    TOK_TRUE                 shift, and go to state 47
    TOK_FALSE                shift, and go to state 48

    elemento_vector   go to state 49
    exp               go to state 109
    constante         go to state 51
    constante_logica  go to state 52
    constante_entera  go to state 53
    identificador     go to state 54


State 105

   48 lista_expresiones: exp resto_lista_expresiones .

    $default  reduce using rule 48 (lista_expresiones)


State 106

   47 exp: identificador TOK_PARENTESISIZQUIERDO lista_expresiones TOK_PARENTESISDERECHO .

    $default  reduce using rule 47 (exp)


State 107

   28 condicional: TOK_IF TOK_PARENTESISIZQUIERDO exp TOK_PARENTESISDERECHO TOK_CORCHETEIZQUIERDO sentencias . TOK_CORCHETEDERECHO
   29            | TOK_IF TOK_PARENTESISIZQUIERDO exp TOK_PARENTESISDERECHO TOK_CORCHETEIZQUIERDO sentencias . TOK_CORCHETEDERECHO TOK_ELSE TOK_CORCHETEIZQUIERDO sentencias TOK_CORCHETEDERECHO

    TOK_CORCHETEDERECHO  shift, and go to state 110


State 108

   30 bucle: TOK_WHILE TOK_PARENTESISIZQUIERDO exp TOK_PARENTESISDERECHO TOK_CORCHETEIZQUIERDO sentencias . TOK_CORCHETEDERECHO

    TOK_CORCHETEDERECHO  shift, and go to state 111


State 109

   34 exp: exp . TOK_MAS exp
   35    | exp . TOK_MENOS exp
   36    | exp . TOK_DIVISION exp
   37    | exp . TOK_ASTERISCO exp
   39    | exp . TOK_AND
   40    | exp . TOK_OR exp
   50 resto_lista_expresiones: TOK_COMA exp . resto_lista_expresiones

    TOK_COMA       shift, and go to state 104
    TOK_MAS        shift, and go to state 68
    TOK_MENOS      shift, and go to state 69
    TOK_DIVISION   shift, and go to state 70
    TOK_ASTERISCO  shift, and go to state 71
    TOK_AND        shift, and go to state 72
    TOK_OR         shift, and go to state 73

    $default  reduce using rule 51 (resto_lista_expresiones)

    resto_lista_expresiones  go to state 112


State 110

   28 condicional: TOK_IF TOK_PARENTESISIZQUIERDO exp TOK_PARENTESISDERECHO TOK_CORCHETEIZQUIERDO sentencias TOK_CORCHETEDERECHO .
   29            | TOK_IF TOK_PARENTESISIZQUIERDO exp TOK_PARENTESISDERECHO TOK_CORCHETEIZQUIERDO sentencias TOK_CORCHETEDERECHO . TOK_ELSE TOK_CORCHETEIZQUIERDO sentencias TOK_CORCHETEDERECHO

    TOK_ELSE  shift, and go to state 113

    $default  reduce using rule 28 (condicional)


State 111

   30 bucle: TOK_WHILE TOK_PARENTESISIZQUIERDO exp TOK_PARENTESISDERECHO TOK_CORCHETEIZQUIERDO sentencias TOK_CORCHETEDERECHO .

    $default  reduce using rule 30 (bucle)


State 112

   50 resto_lista_expresiones: TOK_COMA exp resto_lista_expresiones .

    $default  reduce using rule 50 (resto_lista_expresiones)


State 113

   29 condicional: TOK_IF TOK_PARENTESISIZQUIERDO exp TOK_PARENTESISDERECHO TOK_CORCHETEIZQUIERDO sentencias TOK_CORCHETEDERECHO TOK_ELSE . TOK_CORCHETEIZQUIERDO sentencias TOK_CORCHETEDERECHO

    TOK_CORCHETEIZQUIERDO  shift, and go to state 114


State 114

   29 condicional: TOK_IF TOK_PARENTESISIZQUIERDO exp TOK_PARENTESISDERECHO TOK_CORCHETEIZQUIERDO sentencias TOK_CORCHETEDERECHO TOK_ELSE TOK_CORCHETEIZQUIERDO . sentencias TOK_CORCHETEDERECHO

    TOK_IF             shift, and go to state 22
    TOK_WHILE          shift, and go to state 23
    TOK_SCANF          shift, and go to state 24
    TOK_PRINTF         shift, and go to state 25
    TOK_RETURN         shift, and go to state 26
    TOK_IDENTIFICADOR  shift, and go to state 18

    sentencias        go to state 115
    sentencia         go to state 28
    sentencia_simple  go to state 29
    bloque            go to state 30
    asignacion        go to state 31
    elemento_vector   go to state 32
    condicional       go to state 33
    bucle             go to state 34
    lectura           go to state 35
    escritura         go to state 36
    retorno_funcion   go to state 37
    identificador     go to state 38


State 115

   29 condicional: TOK_IF TOK_PARENTESISIZQUIERDO exp TOK_PARENTESISDERECHO TOK_CORCHETEIZQUIERDO sentencias TOK_CORCHETEDERECHO TOK_ELSE TOK_CORCHETEIZQUIERDO sentencias . TOK_CORCHETEDERECHO

    TOK_CORCHETEDERECHO  shift, and go to state 116


State 116

   29 condicional: TOK_IF TOK_PARENTESISIZQUIERDO exp TOK_PARENTESISDERECHO TOK_CORCHETEIZQUIERDO sentencias TOK_CORCHETEDERECHO TOK_ELSE TOK_CORCHETEIZQUIERDO sentencias TOK_CORCHETEDERECHO .

    $default  reduce using rule 29 (condicional)
